# JRE version: Java(TM) SE Runtime Environment (8.0_74-b02) (build 1.8.0_74-b02)
# Java VM: Java HotSpot(TM) 64-Bit Server VM (25.74-b02 mixed mode windows-amd64 compressed oops)
Heap:
 PSYoungGen      total 13824K, used 4335K [0x00000000eb000000, 0x00000000ec200000, 0x0000000100000000)
  eden space 10752K, 14% used [0x00000000eb000000,0x00000000eb17ab50,0x00000000eba80000)
  from space 3072K, 91% used [0x00000000ebe00000,0x00000000ec0c1238,0x00000000ec100000)
  to   space 3584K, 0% used [0x00000000eba80000,0x00000000eba80000,0x00000000ebe00000)
 ParOldGen       total 5632K, used 3620K [0x00000000c1000000, 0x00000000c1580000, 0x00000000eb000000)
  object space 5632K, 64% used [0x00000000c1000000,0x00000000c1389120,0x00000000c1580000)
 Metaspace       used 7724K, capacity 8564K, committed 8704K, reserved 1056768K
  class space    used 919K, capacity 944K, committed 1024K, reserved 1048576K
GC Heap History (10 events):
Event: 0.549 GC heap before
{Heap before GC invocations=4 (full 0):
 PSYoungGen      total 2048K, used 2016K [0x00000000eb000000, 0x00000000eb400000, 0x0000000100000000)
  eden space 1536K, 100% used [0x00000000eb000000,0x00000000eb180000,0x00000000eb180000)
  from space 512K, 93% used [0x00000000eb180000,0x00000000eb1f8020,0x00000000eb200000)
  to   space 512K, 0% used [0x00000000eb380000,0x00000000eb380000,0x00000000eb400000)
 ParOldGen       total 5632K, used 492K [0x00000000c1000000, 0x00000000c1580000, 0x00000000eb000000)
  object space 5632K, 8% used [0x00000000c1000000,0x00000000c107b080,0x00000000c1580000)
 Metaspace       used 5116K, capacity 6348K, committed 6656K, reserved 1056768K
  class space    used 620K, capacity 648K, committed 768K, reserved 1048576K
Event: 0.557 GC heap after
Heap after GC invocations=4 (full 0):
 PSYoungGen      total 3584K, used 480K [0x00000000eb000000, 0x00000000eb400000, 0x0000000100000000)
  eden space 3072K, 0% used [0x00000000eb000000,0x00000000eb000000,0x00000000eb300000)
  from space 512K, 93% used [0x00000000eb380000,0x00000000eb3f8020,0x00000000eb400000)
  to   space 512K, 0% used [0x00000000eb300000,0x00000000eb300000,0x00000000eb380000)
 ParOldGen       total 5632K, used 568K [0x00000000c1000000, 0x00000000c1580000, 0x00000000eb000000)
  object space 5632K, 10% used [0x00000000c1000000,0x00000000c108e368,0x00000000c1580000)
 Metaspace       used 5116K, capacity 6348K, committed 6656K, reserved 1056768K
  class space    used 620K, capacity 648K, committed 768K, reserved 1048576K
}
Event: 0.633 GC heap before
{Heap before GC invocations=5 (full 0):
 PSYoungGen      total 3584K, used 3552K [0x00000000eb000000, 0x00000000eb400000, 0x0000000100000000)
  eden space 3072K, 100% used [0x00000000eb000000,0x00000000eb300000,0x00000000eb300000)
  from space 512K, 93% used [0x00000000eb380000,0x00000000eb3f8020,0x00000000eb400000)
  to   space 512K, 0% used [0x00000000eb300000,0x00000000eb300000,0x00000000eb380000)
 ParOldGen       total 5632K, used 568K [0x00000000c1000000, 0x00000000c1580000, 0x00000000eb000000)
  object space 5632K, 10% used [0x00000000c1000000,0x00000000c108e368,0x00000000c1580000)
 Metaspace       used 6201K, capacity 7404K, committed 7552K, reserved 1056768K
  class space    used 775K, capacity 808K, committed 896K, reserved 1048576K
Event: 0.634 GC heap after
Heap after GC invocations=5 (full 0):
 PSYoungGen      total 3584K, used 480K [0x00000000eb000000, 0x00000000eb800000, 0x0000000100000000)
  eden space 3072K, 0% used [0x00000000eb000000,0x00000000eb000000,0x00000000eb300000)
  from space 512K, 93% used [0x00000000eb300000,0x00000000eb378020,0x00000000eb380000)
  to   space 1024K, 0% used [0x00000000eb700000,0x00000000eb700000,0x00000000eb800000)
 ParOldGen       total 5632K, used 926K [0x00000000c1000000, 0x00000000c1580000, 0x00000000eb000000)
  object space 5632K, 16% used [0x00000000c1000000,0x00000000c10e7858,0x00000000c1580000)
 Metaspace       used 6201K, capacity 7404K, committed 7552K, reserved 1056768K
  class space    used 775K, capacity 808K, committed 896K, reserved 1048576K
}
Event: 0.863 GC heap before
{Heap before GC invocations=6 (full 0):
 PSYoungGen      total 3584K, used 3219K [0x00000000eb000000, 0x00000000eb800000, 0x0000000100000000)
  eden space 3072K, 89% used [0x00000000eb000000,0x00000000eb2accc8,0x00000000eb300000)
  from space 512K, 93% used [0x00000000eb300000,0x00000000eb378020,0x00000000eb380000)
  to   space 1024K, 0% used [0x00000000eb700000,0x00000000eb700000,0x00000000eb800000)
 ParOldGen       total 5632K, used 926K [0x00000000c1000000, 0x00000000c1580000, 0x00000000eb000000)
  object space 5632K, 16% used [0x00000000c1000000,0x00000000c10e7858,0x00000000c1580000)
 Metaspace       used 7338K, capacity 8244K, committed 8448K, reserved 1056768K
  class space    used 891K, capacity 944K, committed 1024K, reserved 1048576K
Event: 0.865 GC heap after
Heap after GC invocations=6 (full 0):
 PSYoungGen      total 6656K, used 992K [0x00000000eb000000, 0x00000000eb900000, 0x0000000100000000)
  eden space 5632K, 0% used [0x00000000eb000000,0x00000000eb000000,0x00000000eb580000)
  from space 1024K, 96% used [0x00000000eb700000,0x00000000eb7f8020,0x00000000eb800000)
  to   space 1536K, 0% used [0x00000000eb580000,0x00000000eb580000,0x00000000eb700000)
 ParOldGen       total 5632K, used 1112K [0x00000000c1000000, 0x00000000c1580000, 0x00000000eb000000)
  object space 5632K, 19% used [0x00000000c1000000,0x00000000c11160f0,0x00000000c1580000)
 Metaspace       used 7338K, capacity 8244K, committed 8448K, reserved 1056768K
  class space    used 891K, capacity 944K, committed 1024K, reserved 1048576K
}
Event: 0.895 GC heap before
{Heap before GC invocations=7 (full 0):
 PSYoungGen      total 6656K, used 6194K [0x00000000eb000000, 0x00000000eb900000, 0x0000000100000000)
  eden space 5632K, 92% used [0x00000000eb000000,0x00000000eb514a58,0x00000000eb580000)
  from space 1024K, 96% used [0x00000000eb700000,0x00000000eb7f8020,0x00000000eb800000)
  to   space 1536K, 0% used [0x00000000eb580000,0x00000000eb580000,0x00000000eb700000)
 ParOldGen       total 5632K, used 1112K [0x00000000c1000000, 0x00000000c1580000, 0x00000000eb000000)
  object space 5632K, 19% used [0x00000000c1000000,0x00000000c11160f0,0x00000000c1580000)
 Metaspace       used 7358K, capacity 8244K, committed 8448K, reserved 1056768K
  class space    used 892K, capacity 944K, committed 1024K, reserved 1048576K
Event: 0.899 GC heap after
Heap after GC invocations=7 (full 0):
 PSYoungGen      total 7168K, used 1527K [0x00000000eb000000, 0x00000000ec100000, 0x0000000100000000)
  eden space 5632K, 0% used [0x00000000eb000000,0x00000000eb000000,0x00000000eb580000)
  from space 1536K, 99% used [0x00000000eb580000,0x00000000eb6fddd0,0x00000000eb700000)
  to   space 3072K, 0% used [0x00000000ebe00000,0x00000000ebe00000,0x00000000ec100000)
 ParOldGen       total 5632K, used 3280K [0x00000000c1000000, 0x00000000c1580000, 0x00000000eb000000)
  object space 5632K, 58% used [0x00000000c1000000,0x00000000c13340f0,0x00000000c1580000)
 Metaspace       used 7358K, capacity 8244K, committed 8448K, reserved 1056768K
  class space    used 892K, capacity 944K, committed 1024K, reserved 1048576K
}
Event: 0.955 GC heap before
{Heap before GC invocations=8 (full 0):
 PSYoungGen      total 7168K, used 7159K [0x00000000eb000000, 0x00000000ec100000, 0x0000000100000000)
  eden space 5632K, 100% used [0x00000000eb000000,0x00000000eb580000,0x00000000eb580000)
  from space 1536K, 99% used [0x00000000eb580000,0x00000000eb6fddd0,0x00000000eb700000)
  to   space 3072K, 0% used [0x00000000ebe00000,0x00000000ebe00000,0x00000000ec100000)
 ParOldGen       total 5632K, used 3280K [0x00000000c1000000, 0x00000000c1580000, 0x00000000eb000000)
  object space 5632K, 58% used [0x00000000c1000000,0x00000000c13340f0,0x00000000c1580000)
 Metaspace       used 7555K, capacity 8372K, committed 8704K, reserved 1056768K
  class space    used 909K, capacity 944K, committed 1024K, reserved 1048576K
Event: 0.959 GC heap after
Heap after GC invocations=8 (full 0):
 PSYoungGen      total 13824K, used 2820K [0x00000000eb000000, 0x00000000ec200000, 0x0000000100000000)
  eden space 10752K, 0% used [0x00000000eb000000,0x00000000eb000000,0x00000000eba80000)
  from space 3072K, 91% used [0x00000000ebe00000,0x00000000ec0c1238,0x00000000ec100000)
  to   space 3584K, 0% used [0x00000000eba80000,0x00000000eba80000,0x00000000ebe00000)
 ParOldGen       total 5632K, used 3620K [0x00000000c1000000, 0x00000000c1580000, 0x00000000eb000000)
  object space 5632K, 64% used [0x00000000c1000000,0x00000000c1389120,0x00000000c1580000)
 Metaspace       used 7555K, capacity 8372K, committed 8704K, reserved 1056768K
  class space    used 909K, capacity 944K, committed 1024K, reserved 1048576K
}

