# JRE version: Java(TM) SE Runtime Environment (8.0_74-b02) (build 1.8.0_74-b02)
# Java VM: Java HotSpot(TM) 64-Bit Server VM (25.74-b02 mixed mode windows-amd64 compressed oops)
Heap:
 PSYoungGen      total 6656K, used 2851K [0x00000000eb000000, 0x00000000eb900000, 0x0000000100000000)
  eden space 5632K, 32% used [0x00000000eb000000,0x00000000eb1cbe08,0x00000000eb580000)
  from space 1024K, 98% used [0x00000000eb700000,0x00000000eb7fd020,0x00000000eb800000)
  to   space 1536K, 0% used [0x00000000eb580000,0x00000000eb580000,0x00000000eb700000)
 ParOldGen       total 5632K, used 1116K [0x00000000c1000000, 0x00000000c1580000, 0x00000000eb000000)
  object space 5632K, 19% used [0x00000000c1000000,0x00000000c1117190,0x00000000c1580000)
 Metaspace       used 7378K, capacity 8244K, committed 8448K, reserved 1056768K
  class space    used 898K, capacity 944K, committed 1024K, reserved 1048576K
GC Heap History (10 events):
Event: 0.532 GC heap before
{Heap before GC invocations=2 (full 0):
 PSYoungGen      total 2048K, used 1948K [0x00000000eb000000, 0x00000000eb280000, 0x0000000100000000)
  eden space 1536K, 95% used [0x00000000eb000000,0x00000000eb16f068,0x00000000eb180000)
  from space 512K, 93% used [0x00000000eb180000,0x00000000eb1f8020,0x00000000eb200000)
  to   space 512K, 0% used [0x00000000eb200000,0x00000000eb200000,0x00000000eb280000)
 ParOldGen       total 5632K, used 40K [0x00000000c1000000, 0x00000000c1580000, 0x00000000eb000000)
  object space 5632K, 0% used [0x00000000c1000000,0x00000000c100a000,0x00000000c1580000)
 Metaspace       used 4084K, capacity 5388K, committed 5760K, reserved 1056768K
  class space    used 487K, capacity 520K, committed 640K, reserved 1048576K
Event: 0.534 GC heap after
Heap after GC invocations=2 (full 0):
 PSYoungGen      total 2048K, used 496K [0x00000000eb000000, 0x00000000eb400000, 0x0000000100000000)
  eden space 1536K, 0% used [0x00000000eb000000,0x00000000eb000000,0x00000000eb180000)
  from space 512K, 96% used [0x00000000eb200000,0x00000000eb27c010,0x00000000eb280000)
  to   space 512K, 0% used [0x00000000eb180000,0x00000000eb180000,0x00000000eb200000)
 ParOldGen       total 5632K, used 88K [0x00000000c1000000, 0x00000000c1580000, 0x00000000eb000000)
  object space 5632K, 1% used [0x00000000c1000000,0x00000000c1016000,0x00000000c1580000)
 Metaspace       used 4084K, capacity 5388K, committed 5760K, reserved 1056768K
  class space    used 487K, capacity 520K, committed 640K, reserved 1048576K
}
Event: 0.566 GC heap before
{Heap before GC invocations=3 (full 0):
 PSYoungGen      total 2048K, used 2032K [0x00000000eb000000, 0x00000000eb400000, 0x0000000100000000)
  eden space 1536K, 100% used [0x00000000eb000000,0x00000000eb180000,0x00000000eb180000)
  from space 512K, 96% used [0x00000000eb200000,0x00000000eb27c010,0x00000000eb280000)
  to   space 512K, 0% used [0x00000000eb180000,0x00000000eb180000,0x00000000eb200000)
 ParOldGen       total 5632K, used 88K [0x00000000c1000000, 0x00000000c1580000, 0x00000000eb000000)
  object space 5632K, 1% used [0x00000000c1000000,0x00000000c1016000,0x00000000c1580000)
 Metaspace       used 4579K, capacity 5836K, committed 6016K, reserved 1056768K
  class space    used 562K, capacity 584K, committed 640K, reserved 1048576K
Event: 0.569 GC heap after
Heap after GC invocations=3 (full 0):
 PSYoungGen      total 2048K, used 480K [0x00000000eb000000, 0x00000000eb400000, 0x0000000100000000)
  eden space 1536K, 0% used [0x00000000eb000000,0x00000000eb000000,0x00000000eb180000)
  from space 512K, 93% used [0x00000000eb180000,0x00000000eb1f8010,0x00000000eb200000)
  to   space 512K, 0% used [0x00000000eb380000,0x00000000eb380000,0x00000000eb400000)
 ParOldGen       total 5632K, used 516K [0x00000000c1000000, 0x00000000c1580000, 0x00000000eb000000)
  object space 5632K, 9% used [0x00000000c1000000,0x00000000c1081050,0x00000000c1580000)
 Metaspace       used 4579K, capacity 5836K, committed 6016K, reserved 1056768K
  class space    used 562K, capacity 584K, committed 640K, reserved 1048576K
}
Event: 0.610 GC heap before
{Heap before GC invocations=4 (full 0):
 PSYoungGen      total 2048K, used 2016K [0x00000000eb000000, 0x00000000eb400000, 0x0000000100000000)
  eden space 1536K, 100% used [0x00000000eb000000,0x00000000eb180000,0x00000000eb180000)
  from space 512K, 93% used [0x00000000eb180000,0x00000000eb1f8010,0x00000000eb200000)
  to   space 512K, 0% used [0x00000000eb380000,0x00000000eb380000,0x00000000eb400000)
 ParOldGen       total 5632K, used 516K [0x00000000c1000000, 0x00000000c1580000, 0x00000000eb000000)
  object space 5632K, 9% used [0x00000000c1000000,0x00000000c1081050,0x00000000c1580000)
 Metaspace       used 5115K, capacity 6348K, committed 6656K, reserved 1056768K
  class space    used 620K, capacity 648K, committed 768K, reserved 1048576K
Event: 0.611 GC heap after
Heap after GC invocations=4 (full 0):
 PSYoungGen      total 3584K, used 480K [0x00000000eb000000, 0x00000000eb400000, 0x0000000100000000)
  eden space 3072K, 0% used [0x00000000eb000000,0x00000000eb000000,0x00000000eb300000)
  from space 512K, 93% used [0x00000000eb380000,0x00000000eb3f8010,0x00000000eb400000)
  to   space 512K, 0% used [0x00000000eb300000,0x00000000eb300000,0x00000000eb380000)
 ParOldGen       total 5632K, used 596K [0x00000000c1000000, 0x00000000c1580000, 0x00000000eb000000)
  object space 5632K, 10% used [0x00000000c1000000,0x00000000c1095050,0x00000000c1580000)
 Metaspace       used 5115K, capacity 6348K, committed 6656K, reserved 1056768K
  class space    used 620K, capacity 648K, committed 768K, reserved 1048576K
}
Event: 0.698 GC heap before
{Heap before GC invocations=5 (full 0):
 PSYoungGen      total 3584K, used 3552K [0x00000000eb000000, 0x00000000eb400000, 0x0000000100000000)
  eden space 3072K, 100% used [0x00000000eb000000,0x00000000eb300000,0x00000000eb300000)
  from space 512K, 93% used [0x00000000eb380000,0x00000000eb3f8010,0x00000000eb400000)
  to   space 512K, 0% used [0x00000000eb300000,0x00000000eb300000,0x00000000eb380000)
 ParOldGen       total 5632K, used 596K [0x00000000c1000000, 0x00000000c1580000, 0x00000000eb000000)
  object space 5632K, 10% used [0x00000000c1000000,0x00000000c1095050,0x00000000c1580000)
 Metaspace       used 6196K, capacity 7340K, committed 7552K, reserved 1056768K
  class space    used 774K, capacity 808K, committed 896K, reserved 1048576K
Event: 0.699 GC heap after
Heap after GC invocations=5 (full 0):
 PSYoungGen      total 3584K, used 480K [0x00000000eb000000, 0x00000000eb800000, 0x0000000100000000)
  eden space 3072K, 0% used [0x00000000eb000000,0x00000000eb000000,0x00000000eb300000)
  from space 512K, 93% used [0x00000000eb300000,0x00000000eb378010,0x00000000eb380000)
  to   space 1024K, 0% used [0x00000000eb700000,0x00000000eb700000,0x00000000eb800000)
 ParOldGen       total 5632K, used 949K [0x00000000c1000000, 0x00000000c1580000, 0x00000000eb000000)
  object space 5632K, 16% used [0x00000000c1000000,0x00000000c10ed550,0x00000000c1580000)
 Metaspace       used 6196K, capacity 7340K, committed 7552K, reserved 1056768K
  class space    used 774K, capacity 808K, committed 896K, reserved 1048576K
}
Event: 0.871 GC heap before
{Heap before GC invocations=6 (full 0):
 PSYoungGen      total 3584K, used 3200K [0x00000000eb000000, 0x00000000eb800000, 0x0000000100000000)
  eden space 3072K, 88% used [0x00000000eb000000,0x00000000eb2a7ff0,0x00000000eb300000)
  from space 512K, 93% used [0x00000000eb300000,0x00000000eb378010,0x00000000eb380000)
  to   space 1024K, 0% used [0x00000000eb700000,0x00000000eb700000,0x00000000eb800000)
 ParOldGen       total 5632K, used 949K [0x00000000c1000000, 0x00000000c1580000, 0x00000000eb000000)
  object space 5632K, 16% used [0x00000000c1000000,0x00000000c10ed550,0x00000000c1580000)
 Metaspace       used 7334K, capacity 8244K, committed 8448K, reserved 1056768K
  class space    used 891K, capacity 944K, committed 1024K, reserved 1048576K
Event: 0.874 GC heap after
Heap after GC invocations=6 (full 0):
 PSYoungGen      total 6656K, used 1012K [0x00000000eb000000, 0x00000000eb900000, 0x0000000100000000)
  eden space 5632K, 0% used [0x00000000eb000000,0x00000000eb000000,0x00000000eb580000)
  from space 1024K, 98% used [0x00000000eb700000,0x00000000eb7fd020,0x00000000eb800000)
  to   space 1536K, 0% used [0x00000000eb580000,0x00000000eb580000,0x00000000eb700000)
 ParOldGen       total 5632K, used 1116K [0x00000000c1000000, 0x00000000c1580000, 0x00000000eb000000)
  object space 5632K, 19% used [0x00000000c1000000,0x00000000c1117190,0x00000000c1580000)
 Metaspace       used 7334K, capacity 8244K, committed 8448K, reserved 1056768K
  class space    used 891K, capacity 944K, committed 1024K, reserved 1048576K
}

